<?xml version="1.0" encoding="UTF-8"?>
<!-- Generated by org.testng.reporters.JUnitReportReporter -->
<testsuite skipped="0" hostname="DESKTOP-63ROSJ3" name="com.CRM.Contacts.Create_Contact" tests="1" failures="0" timestamp="26 Nov 2019 04:06:27 GMT" time="48.252" errors="0">
  <testcase name="createContact" time="48.252" classname="com.CRM.Contacts.Create_Contact"/>
</testsuite> <!-- com.CRM.Contacts.Create_Contact -->
