<?xml version="1.0" encoding="UTF-8"?>
<!-- Generated by org.testng.reporters.JUnitReportReporter -->
<testsuite skipped="0" hostname="DESKTOP-63ROSJ3" name="com.CRM.Contacts.Create_Contact" tests="1" failures="0" timestamp="16 Dec 2019 08:18:01 GMT" time="112.675" errors="0">
  <testcase name="createContact" time="112.675" classname="com.CRM.Contacts.Create_Contact"/>
</testsuite> <!-- com.CRM.Contacts.Create_Contact -->
