<?xml version="1.0" encoding="UTF-8"?>
<!-- Generated by org.testng.reporters.JUnitReportReporter -->
<testsuite skipped="0" hostname="BTM-Faculty-PC" name="com.CRM.Login.Demo" tests="1" failures="0" timestamp="25 Nov 2019 08:48:10 GMT" time="0.015" errors="0">
  <testcase name="run" time="0.015" classname="com.CRM.Login.Demo"/>
</testsuite> <!-- com.CRM.Login.Demo -->
